0 info it worked if it ends with ok
1 verbose cli [ '/usr/local/bin/node',
1 verbose cli   '/usr/local/bin/npm',
1 verbose cli   'install',
1 verbose cli   '--save',
1 verbose cli   'babel-core^@6' ]
2 info using npm@3.10.9
3 info using node@v6.9.2
4 silly loadCurrentTree Starting
5 silly install loadCurrentTree
6 silly install readLocalPackageData
7 silly fetchPackageMetaData babel-core^@6
8 silly fetchOtherPackageData babel-core^@6
9 silly cache add args [ 'babel-core^@6', null ]
10 verbose cache add spec babel-core^@6
11 silly cache add parsed spec Result {
11 silly cache add   raw: 'babel-core^@6',
11 silly cache add   scope: null,
11 silly cache add   escapedName: null,
11 silly cache add   name: null,
11 silly cache add   rawSpec: 'babel-core^@6',
11 silly cache add   spec: '/Users/canoc/Coding/redux/medcircle/babel-core^@6',
11 silly cache add   type: 'local' }
12 error addLocal Could not install /Users/canoc/Coding/redux/medcircle/babel-core^@6
13 silly fetchPackageMetaData Error: ENOENT: no such file or directory, open '/Users/canoc/Coding/redux/medcircle/babel-core^@6'
13 silly fetchPackageMetaData     at Error (native)
13 silly fetchPackageMetaData  error for babel-core^@6 { Error: ENOENT: no such file or directory, open '/Users/canoc/Coding/redux/medcircle/babel-core^@6'
13 silly fetchPackageMetaData     at Error (native)
13 silly fetchPackageMetaData   errno: -2,
13 silly fetchPackageMetaData   code: 'ENOENT',
13 silly fetchPackageMetaData   syscall: 'open',
13 silly fetchPackageMetaData   path: '/Users/canoc/Coding/redux/medcircle/babel-core^@6' }
14 silly rollbackFailedOptional Starting
15 silly rollbackFailedOptional Finishing
16 silly runTopLevelLifecycles Finishing
17 silly install printInstalled
18 verbose stack Error: ENOENT: no such file or directory, open '/Users/canoc/Coding/redux/medcircle/babel-core^@6'
18 verbose stack     at Error (native)
19 verbose cwd /Users/canoc/Coding/redux/medcircle
20 error Darwin 16.5.0
21 error argv "/usr/local/bin/node" "/usr/local/bin/npm" "install" "--save" "babel-core^@6"
22 error node v6.9.2
23 error npm  v3.10.9
24 error path /Users/canoc/Coding/redux/medcircle/babel-core^@6
25 error code ENOENT
26 error errno -2
27 error syscall open
28 error enoent ENOENT: no such file or directory, open '/Users/canoc/Coding/redux/medcircle/babel-core^@6'
29 error enoent ENOENT: no such file or directory, open '/Users/canoc/Coding/redux/medcircle/babel-core^@6'
29 error enoent This is most likely not a problem with npm itself
29 error enoent and is related to npm not being able to find a file.
30 verbose exit [ -2, true ]
